<?xml version="1.0" encoding="UTF-8"?>
<testng-results skipped="0" failed="0" total="1" passed="1">
  <reporter-output>
  </reporter-output>
  <suite name="Wingify Tasks" duration-ms="28313" started-at="2017-05-27T09:53:21Z" finished-at="2017-05-27T09:53:49Z">
    <groups>
    </groups>
    <test name="selectElement" duration-ms="28313" started-at="2017-05-27T09:53:21Z" finished-at="2017-05-27T09:53:49Z">
      <class name="com.org.TestCases.SelectElementTest">
        <test-method status="PASS" signature="intializeDriver(int, java.lang.String)[pri:0, instance:com.org.TestCases.SelectElementTest@25502e]" name="intializeDriver" is-config="true" duration-ms="16048" started-at="2017-05-27T15:23:21Z" finished-at="2017-05-27T15:23:37Z">
          <params>
            <param index="0">
              <value>
                <![CDATA[1]]>
              </value>
            </param>
            <param index="1">
              <value>
                <![CDATA[http://app.vwo.com/#/campaign/108/summary?token=eyJhY2NvdW50X2lkIjoxNTA3MzQsImV4cGVyaW1lbnRfaWQiOjEwOCwiY3JlYXRlZF9vbiI6MTQ0NDgxMjQ4MSwidHlwZSI6ImNhbXBhaWduIiwidmVyc2lvbiI6MSwiaGFzaCI6IjJmZjk3OTVjZTgwNmFmZjJiOTI5NDczMTc5YTBlODQxIn0=]]>
              </value>
            </param>
          </params>
          <reporter-output>
          </reporter-output>
        </test-method> <!-- intializeDriver -->
        <test-method status="PASS" signature="driverSetup()[pri:0, instance:com.org.TestCases.SelectElementTest@25502e]" name="driverSetup" is-config="true" duration-ms="0" started-at="2017-05-27T15:23:37Z" finished-at="2017-05-27T15:23:37Z">
          <reporter-output>
          </reporter-output>
        </test-method> <!-- driverSetup -->
        <test-method status="PASS" signature="checkElementSelected()[pri:0, instance:com.org.TestCases.SelectElementTest@25502e]" name="checkElementSelected" duration-ms="12246" started-at="2017-05-27T15:23:37Z" finished-at="2017-05-27T15:23:49Z">
          <reporter-output>
          </reporter-output>
        </test-method> <!-- checkElementSelected -->
        <test-method status="PASS" signature="closeBrowser()[pri:0, instance:com.org.TestCases.SelectElementTest@25502e]" name="closeBrowser" is-config="true" duration-ms="1" started-at="2017-05-27T15:23:49Z" finished-at="2017-05-27T15:23:49Z">
          <reporter-output>
          </reporter-output>
        </test-method> <!-- closeBrowser -->
      </class> <!-- com.org.TestCases.SelectElementTest -->
    </test> <!-- selectElement -->
  </suite> <!-- Wingify Tasks -->
</testng-results>
