<?xml version="1.0" encoding="UTF-8"?>
<testng-results skipped="0" failed="0" total="1" passed="1">
  <reporter-output>
  </reporter-output>
  <suite name="com.org.myMaven.FirstTest" duration-ms="36760" started-at="2017-05-21T10:57:55Z" finished-at="2017-05-21T10:58:32Z">
    <groups>
    </groups>
    <test name="Command line test" duration-ms="36760" started-at="2017-05-21T10:57:55Z" finished-at="2017-05-21T10:58:32Z">
      <class name="com.org.myMaven.FirstTest">
        <test-method status="PASS" signature="testMethod()[pri:0, instance:com.org.myMaven.FirstTest@c5c32e]" name="testMethod" duration-ms="36740" started-at="2017-05-21T16:27:55Z" finished-at="2017-05-21T16:28:31Z">
          <reporter-output>
          </reporter-output>
        </test-method> <!-- testMethod -->
      </class> <!-- com.org.myMaven.FirstTest -->
    </test> <!-- Command line test -->
  </suite> <!-- com.org.myMaven.FirstTest -->
</testng-results>
