<?xml version="1.0" encoding="UTF-8"?>
<testng-results skipped="0" failed="0" total="1" passed="1">
  <reporter-output>
  </reporter-output>
  <suite name="Wingify Tasks" duration-ms="31435" started-at="2017-05-27T09:43:15Z" finished-at="2017-05-27T09:43:46Z">
    <groups>
    </groups>
    <test name="selectElement" duration-ms="31435" started-at="2017-05-27T09:43:15Z" finished-at="2017-05-27T09:43:46Z">
      <class name="com.org.TestCases.SelectElementTest">
        <test-method status="PASS" signature="intializeDriver(int, java.lang.String)[pri:0, instance:com.org.TestCases.SelectElementTest@de59f0]" name="intializeDriver" is-config="true" duration-ms="19077" started-at="2017-05-27T15:13:15Z" finished-at="2017-05-27T15:13:34Z">
          <params>
            <param index="0">
              <value>
                <![CDATA[1]]>
              </value>
            </param>
            <param index="1">
              <value>
                <![CDATA[http://app.vwo.com/#/campaign/108/summary?token=eyJhY2NvdW50X2lkIjoxNTA3MzQsImV4cGVyaW1lbnRfaWQiOjEwOCwiY3JlYXRlZF9vbiI6MTQ0NDgxMjQ4MSwidHlwZSI6ImNhbXBhaWduIiwidmVyc2lvbiI6MSwiaGFzaCI6IjJmZjk3OTVjZTgwNmFmZjJiOTI5NDczMTc5YTBlODQxIn0=]]>
              </value>
            </param>
          </params>
          <reporter-output>
          </reporter-output>
        </test-method> <!-- intializeDriver -->
        <test-method status="PASS" signature="driverSetup()[pri:0, instance:com.org.TestCases.SelectElementTest@de59f0]" name="driverSetup" is-config="true" duration-ms="0" started-at="2017-05-27T15:13:34Z" finished-at="2017-05-27T15:13:34Z">
          <reporter-output>
          </reporter-output>
        </test-method> <!-- driverSetup -->
        <test-method status="PASS" signature="checkElementSelected()[pri:1, instance:com.org.TestCases.SelectElementTest@de59f0]" name="checkElementSelected" duration-ms="12248" started-at="2017-05-27T15:13:34Z" finished-at="2017-05-27T15:13:46Z">
          <reporter-output>
          </reporter-output>
        </test-method> <!-- checkElementSelected -->
        <test-method status="PASS" signature="closeBrowser()[pri:0, instance:com.org.TestCases.SelectElementTest@de59f0]" name="closeBrowser" is-config="true" duration-ms="1" started-at="2017-05-27T15:13:46Z" finished-at="2017-05-27T15:13:46Z">
          <reporter-output>
          </reporter-output>
        </test-method> <!-- closeBrowser -->
      </class> <!-- com.org.TestCases.SelectElementTest -->
    </test> <!-- selectElement -->
  </suite> <!-- Wingify Tasks -->
</testng-results>
